Start testing: Mar 04 21:31 RTZ 2 (çèìà)
----------------------------------------------------------
1/5 Testing: TestCaseInvertedIndex.TestBasic
1/5 Test: TestCaseInvertedIndex.TestBasic
Command: "C:/Users/dimak/CLionProjects/endgame/cmake-build-debug/tests/test_inverted_index/test_inverted_index.exe" "--gtest_filter=TestCaseInvertedIndex.TestBasic" "--gtest_also_run_disabled_tests"
Directory: C:/Users/dimak/CLionProjects/endgame/cmake-build-debug/tests/test_inverted_index
"TestCaseInvertedIndex.TestBasic" start time: Mar 04 21:31 RTZ 2 (çèìà)
Output:
----------------------------------------------------------
Running main() from C:/Users/dimak/CLionProjects/endgame/cmake-build-debug/_deps/googletest-src/googletest/src/gtest_main.cc
Note: Google Test filter = TestCaseInvertedIndex.TestBasic
[==========] Running 1 test from 1 test suite.
[----------] Global test environment set-up.
[----------] 1 test from TestCaseInvertedIndex
[ RUN      ] TestCaseInvertedIndex.TestBasic
1 1
//////////////////////////////
1 1
2 3
//////////////////////////////
[       OK ] TestCaseInvertedIndex.TestBasic (0 ms)
[----------] 1 test from TestCaseInvertedIndex (0 ms total)

[----------] Global test environment tear-down
[==========] 1 test from 1 test suite ran. (0 ms total)
[  PASSED  ] 1 test.
<end of output>
Test time =   0.01 sec
----------------------------------------------------------
Test Passed.
"TestCaseInvertedIndex.TestBasic" end time: Mar 04 21:31 RTZ 2 (çèìà)
"TestCaseInvertedIndex.TestBasic" time elapsed: 00:00:00
----------------------------------------------------------

2/5 Testing: TestCaseInvertedIndex.TestBasic2
2/5 Test: TestCaseInvertedIndex.TestBasic2
Command: "C:/Users/dimak/CLionProjects/endgame/cmake-build-debug/tests/test_inverted_index/test_inverted_index.exe" "--gtest_filter=TestCaseInvertedIndex.TestBasic2" "--gtest_also_run_disabled_tests"
Directory: C:/Users/dimak/CLionProjects/endgame/cmake-build-debug/tests/test_inverted_index
"TestCaseInvertedIndex.TestBasic2" start time: Mar 04 21:31 RTZ 2 (çèìà)
Output:
----------------------------------------------------------
Running main() from C:/Users/dimak/CLionProjects/endgame/cmake-build-debug/_deps/googletest-src/googletest/src/gtest_main.cc
Note: Google Test filter = TestCaseInvertedIndex.TestBasic2
[==========] Running 1 test from 1 test suite.
[----------] Global test environment set-up.
[----------] 1 test from TestCaseInvertedIndex
[ RUN      ] TestCaseInvertedIndex.TestBasic2
1 4
2 1
3 5
//////////////////////////////
1 3
2 2
3 5
//////////////////////////////
4 1
//////////////////////////////
[       OK ] TestCaseInvertedIndex.TestBasic2 (1 ms)
[----------] 1 test from TestCaseInvertedIndex (1 ms total)

[----------] Global test environment tear-down
[==========] 1 test from 1 test suite ran. (1 ms total)
[  PASSED  ] 1 test.
<end of output>
Test time =   0.01 sec
----------------------------------------------------------
Test Passed.
"TestCaseInvertedIndex.TestBasic2" end time: Mar 04 21:31 RTZ 2 (çèìà)
"TestCaseInvertedIndex.TestBasic2" time elapsed: 00:00:00
----------------------------------------------------------

3/5 Testing: TestCaseInvertedIndex.TestInvertedIndexMissingWord
3/5 Test: TestCaseInvertedIndex.TestInvertedIndexMissingWord
Command: "C:/Users/dimak/CLionProjects/endgame/cmake-build-debug/tests/test_inverted_index/test_inverted_index.exe" "--gtest_filter=TestCaseInvertedIndex.TestInvertedIndexMissingWord" "--gtest_also_run_disabled_tests"
Directory: C:/Users/dimak/CLionProjects/endgame/cmake-build-debug/tests/test_inverted_index
"TestCaseInvertedIndex.TestInvertedIndexMissingWord" start time: Mar 04 21:31 RTZ 2 (çèìà)
Output:
----------------------------------------------------------
Running main() from C:/Users/dimak/CLionProjects/endgame/cmake-build-debug/_deps/googletest-src/googletest/src/gtest_main.cc
Note: Google Test filter = TestCaseInvertedIndex.TestInvertedIndexMissingWord
[==========] Running 1 test from 1 test suite.
[----------] Global test environment set-up.
[----------] 1 test from TestCaseInvertedIndex
[ RUN      ] TestCaseInvertedIndex.TestInvertedIndexMissingWord
word not found!
2 1
//////////////////////////////
[       OK ] TestCaseInvertedIndex.TestInvertedIndexMissingWord (0 ms)
[----------] 1 test from TestCaseInvertedIndex (0 ms total)

[----------] Global test environment tear-down
[==========] 1 test from 1 test suite ran. (0 ms total)
[  PASSED  ] 1 test.
<end of output>
Test time =   0.01 sec
----------------------------------------------------------
Test Passed.
"TestCaseInvertedIndex.TestInvertedIndexMissingWord" end time: Mar 04 21:31 RTZ 2 (çèìà)
"TestCaseInvertedIndex.TestInvertedIndexMissingWord" time elapsed: 00:00:00
----------------------------------------------------------

4/5 Testing: TestCaseSearchServer.TestSimple
4/5 Test: TestCaseSearchServer.TestSimple
Command: "C:/Users/dimak/CLionProjects/endgame/cmake-build-debug/tests/test_search_server/test_search_server.exe" "--gtest_filter=TestCaseSearchServer.TestSimple" "--gtest_also_run_disabled_tests"
Directory: C:/Users/dimak/CLionProjects/endgame/cmake-build-debug/tests/test_search_server
"TestCaseSearchServer.TestSimple" start time: Mar 04 21:31 RTZ 2 (çèìà)
Output:
----------------------------------------------------------
Running main() from C:/Users/dimak/CLionProjects/endgame/cmake-build-debug/_deps/googletest-src/googletest/src/gtest_main.cc
Note: Google Test filter = TestCaseSearchServer.TestSimple
[==========] Running 1 test from 1 test suite.
[----------] Global test environment set-up.
[----------] 1 test from TestCaseSearchServer
[ RUN      ] TestCaseSearchServer.TestSimple
word not found!
[       OK ] TestCaseSearchServer.TestSimple (0 ms)
[----------] 1 test from TestCaseSearchServer (0 ms total)

[----------] Global test environment tear-down
[==========] 1 test from 1 test suite ran. (0 ms total)
[  PASSED  ] 1 test.
<end of output>
Test time =   0.01 sec
----------------------------------------------------------
Test Passed.
"TestCaseSearchServer.TestSimple" end time: Mar 04 21:31 RTZ 2 (çèìà)
"TestCaseSearchServer.TestSimple" time elapsed: 00:00:00
----------------------------------------------------------

5/5 Testing: TestCaseSearchServer.TestTop5
5/5 Test: TestCaseSearchServer.TestTop5
Command: "C:/Users/dimak/CLionProjects/endgame/cmake-build-debug/tests/test_search_server/test_search_server.exe" "--gtest_filter=TestCaseSearchServer.TestTop5" "--gtest_also_run_disabled_tests"
Directory: C:/Users/dimak/CLionProjects/endgame/cmake-build-debug/tests/test_search_server
"TestCaseSearchServer.TestTop5" start time: Mar 04 21:31 RTZ 2 (çèìà)
Output:
----------------------------------------------------------
Running main() from C:/Users/dimak/CLionProjects/endgame/cmake-build-debug/_deps/googletest-src/googletest/src/gtest_main.cc
Note: Google Test filter = TestCaseSearchServer.TestTop5
[==========] Running 1 test from 1 test suite.
[----------] Global test environment set-up.
[----------] 1 test from TestCaseSearchServer
[ RUN      ] TestCaseSearchServer.TestTop5
[       OK ] TestCaseSearchServer.TestTop5 (1 ms)
[----------] 1 test from TestCaseSearchServer (1 ms total)

[----------] Global test environment tear-down
[==========] 1 test from 1 test suite ran. (1 ms total)
[  PASSED  ] 1 test.
<end of output>
Test time =   0.01 sec
----------------------------------------------------------
Test Passed.
"TestCaseSearchServer.TestTop5" end time: Mar 04 21:31 RTZ 2 (çèìà)
"TestCaseSearchServer.TestTop5" time elapsed: 00:00:00
----------------------------------------------------------

End testing: Mar 04 21:31 RTZ 2 (çèìà)
